  26.cpp
C:\Users\Энчантикс\Desktop\Programming\Practice\26\c++\26\26\26.cpp(10,20): warning C4018: <: несоответствие типов со знаком и без знака
C:\Users\Энчантикс\Desktop\Programming\Practice\26\c++\26\26\26.cpp(19,20): warning C4018: <: несоответствие типов со знаком и без знака
C:\Users\Энчантикс\Desktop\Programming\Practice\26\c++\26\26\26.cpp(20,23): warning C4244: аргумент: преобразование "_Ty" в "const _Ty", возможна потеря данных
          with
          [
              _Ty=double
          ]
          and
          [
              _Ty=int
          ]
C:\Users\Энчантикс\Desktop\Programming\Practice\26\c++\26\26\26.cpp(33,22): warning C4018: <: несоответствие типов со знаком и без знака
C:\Users\Энчантикс\Desktop\Programming\Practice\26\c++\26\26\26.cpp(41,22): warning C4018: <: несоответствие типов со знаком и без знака
C:\Users\Энчантикс\Desktop\Programming\Practice\26\c++\26\26\26.cpp(58,20): warning C4018: <: несоответствие типов со знаком и без знака
C:\Users\Энчантикс\Desktop\Programming\Practice\26\c++\26\26\26.cpp(72,22): warning C4018: <: несоответствие типов со знаком и без знака
C:\Users\Энчантикс\Desktop\Programming\Practice\26\c++\26\26\26.cpp(80,22): warning C4018: <: несоответствие типов со знаком и без знака
C:\Users\Энчантикс\Desktop\Programming\Practice\26\c++\26\26\26.cpp(96,20): warning C4018: <: несоответствие типов со знаком и без знака
C:\Users\Энчантикс\Desktop\Programming\Practice\26\c++\26\26\26.cpp(97,20): warning C4018: <: несоответствие типов со знаком и без знака
C:\Users\Энчантикс\Desktop\Programming\Practice\26\c++\26\26\26.cpp(108,20): warning C4018: <: несоответствие типов со знаком и без знака
C:\Users\Энчантикс\Desktop\Programming\Practice\26\c++\26\26\26.cpp(109,20): warning C4018: <: несоответствие типов со знаком и без знака
C:\Users\Энчантикс\Desktop\Programming\Practice\26\c++\26\26\26.cpp(141,12): warning C4244: аргумент: преобразование "time_t" в "unsigned int", возможна потеря данных
C:\Users\Энчантикс\Desktop\Programming\Practice\26\c++\26\26\26.cpp(273,7): warning C4101: newcheck: неиспользованная локальная переменная
  26.vcxproj -> C:\Users\Энчантикс\Desktop\Programming\Practice\26\c++\26\Debug\26.exe
